\BOOKMARK [1][-]{section.1}{Overview}{}% 1
\BOOKMARK [2][-]{subsection.1.1}{Scope}{section.1}% 2
\BOOKMARK [2][-]{subsection.1.2}{Purpose}{section.1}% 3
\BOOKMARK [2][-]{subsection.1.3}{Intended Audience}{section.1}% 4
\BOOKMARK [1][-]{section.2}{Definitions}{}% 5
\BOOKMARK [1][-]{section.3}{Project Context}{}% 6
\BOOKMARK [2][-]{subsection.3.1}{Hardware}{section.3}% 7
\BOOKMARK [2][-]{subsection.3.2}{Software}{section.3}% 8
\BOOKMARK [1][-]{section.4}{Design Description}{}% 9
\BOOKMARK [2][-]{subsection.4.1}{Design stakeholders}{section.4}% 10
\BOOKMARK [3][-]{subsubsection.4.1.1}{Intel}{subsection.4.1}% 11
\BOOKMARK [3][-]{subsubsection.4.1.2}{Columbia Sportswear}{subsection.4.1}% 12
\BOOKMARK [2][-]{subsection.4.2}{Design views}{section.4}% 13
\BOOKMARK [3][-]{subsubsection.4.2.1}{Users}{subsection.4.2}% 14
\BOOKMARK [3][-]{subsubsection.4.2.2}{Intel Sponsor \(Mike Premi\)}{subsection.4.2}% 15
\BOOKMARK [3][-]{subsubsection.4.2.3}{Columbia Sponsor \(Tim Devlin\)}{subsection.4.2}% 16
\BOOKMARK [2][-]{subsection.4.3}{Design viewpoints}{section.4}% 17
\BOOKMARK [3][-]{subsubsection.4.3.1}{Context viewpoint}{subsection.4.3}% 18
\BOOKMARK [3][-]{subsubsection.4.3.2}{Composition viewpoint}{subsection.4.3}% 19
\BOOKMARK [3][-]{subsubsection.4.3.3}{Dependency viewpoint}{subsection.4.3}% 20
\BOOKMARK [3][-]{subsubsection.4.3.4}{Interface viewpoint}{subsection.4.3}% 21
\BOOKMARK [1][-]{section.5}{Approach}{}% 22
\BOOKMARK [2][-]{subsection.5.1}{Static Environment}{section.5}% 23
\BOOKMARK [2][-]{subsection.5.2}{Improve Realism and Animate Environment}{section.5}% 24
\BOOKMARK [2][-]{subsection.5.3}{Tactile User Interaction}{section.5}% 25
\BOOKMARK [2][-]{subsection.5.4}{Rod mechanics}{section.5}% 26
